<?xml version="1.0" encoding="UTF-8"?>
<testng-results ignored="0" total="4" passed="3" failed="1" skipped="0">
  <reporter-output>
  </reporter-output>
  <suite started-at="2022-10-09T08:25:33 IST" name="Suite" finished-at="2022-10-09T08:26:24 IST" duration-ms="50807">
    <groups>
    </groups>
    <test started-at="2022-10-09T08:25:33 IST" name="Test" finished-at="2022-10-09T08:26:24 IST" duration-ms="50807">
      <class name="com.SauceDemo.TestClass.TC03_VerifyBagProductFunctionality">
        <test-method is-config="true" signature="setUp(java.lang.String)[pri:0, instance:com.SauceDemo.TestClass.TC03_VerifyBagProductFunctionality@942a29c]" started-at="2022-10-09T08:26:02 IST" name="setUp" finished-at="2022-10-09T08:26:10 IST" duration-ms="7892" status="PASS">
          <params>
            <param index="0">
              <value>
                <![CDATA[chrome]]>
              </value>
            </param>
          </params>
          <reporter-output>
          </reporter-output>
        </test-method> <!-- setUp -->
        <test-method signature="verifyBagProductFunctionality()[pri:0, instance:com.SauceDemo.TestClass.TC03_VerifyBagProductFunctionality@942a29c]" started-at="2022-10-09T08:26:10 IST" name="verifyBagProductFunctionality" finished-at="2022-10-09T08:26:12 IST" duration-ms="1779" status="PASS">
          <reporter-output>
          </reporter-output>
        </test-method> <!-- verifyBagProductFunctionality -->
        <test-method is-config="true" signature="tearDown()[pri:0, instance:com.SauceDemo.TestClass.TC03_VerifyBagProductFunctionality@942a29c]" started-at="2022-10-09T08:26:12 IST" name="tearDown" finished-at="2022-10-09T08:26:13 IST" duration-ms="737" status="PASS">
          <reporter-output>
          </reporter-output>
        </test-method> <!-- tearDown -->
      </class> <!-- com.SauceDemo.TestClass.TC03_VerifyBagProductFunctionality -->
      <class name="com.SauceDemo.TestClass.TC04_VerifyAllProductFunctionality">
        <test-method is-config="true" signature="setUp(java.lang.String)[pri:0, instance:com.SauceDemo.TestClass.TC04_VerifyAllProductFunctionality@1ed6388a]" started-at="2022-10-09T08:26:13 IST" name="setUp" finished-at="2022-10-09T08:26:21 IST" duration-ms="8299" status="PASS">
          <params>
            <param index="0">
              <value>
                <![CDATA[chrome]]>
              </value>
            </param>
          </params>
          <reporter-output>
          </reporter-output>
        </test-method> <!-- setUp -->
        <test-method signature="verifyAllProductFunctionality()[pri:0, instance:com.SauceDemo.TestClass.TC04_VerifyAllProductFunctionality@1ed6388a]" started-at="2022-10-09T08:26:21 IST" name="verifyAllProductFunctionality" finished-at="2022-10-09T08:26:23 IST" duration-ms="2377" status="FAIL">
          <exception class="java.lang.AssertionError">
            <message>
              <![CDATA[expected [6] but found [3]]]>
            </message>
            <full-stacktrace>
              <![CDATA[java.lang.AssertionError: expected [6] but found [3]
at org.testng.Assert.fail(Assert.java:99)
at org.testng.Assert.failNotEquals(Assert.java:1037)
at org.testng.Assert.assertEqualsImpl(Assert.java:140)
at org.testng.Assert.assertEquals(Assert.java:122)
at org.testng.Assert.assertEquals(Assert.java:629)
at org.testng.Assert.assertEquals(Assert.java:639)
at com.SauceDemo.TestClass.TC04_VerifyAllProductFunctionality.verifyAllProductFunctionality(TC04_VerifyAllProductFunctionality.java:44)
at java.base/jdk.internal.reflect.NativeMethodAccessorImpl.invoke0(Native Method)
at java.base/jdk.internal.reflect.NativeMethodAccessorImpl.invoke(NativeMethodAccessorImpl.java:77)
at java.base/jdk.internal.reflect.DelegatingMethodAccessorImpl.invoke(DelegatingMethodAccessorImpl.java:43)
at java.base/java.lang.reflect.Method.invoke(Method.java:568)
at org.testng.internal.MethodInvocationHelper.invokeMethod(MethodInvocationHelper.java:133)
at org.testng.internal.TestInvoker.invokeMethod(TestInvoker.java:598)
at org.testng.internal.TestInvoker.invokeTestMethod(TestInvoker.java:173)
at org.testng.internal.MethodRunner.runInSequence(MethodRunner.java:46)
at org.testng.internal.TestInvoker$MethodInvocationAgent.invoke(TestInvoker.java:824)
at org.testng.internal.TestInvoker.invokeTestMethods(TestInvoker.java:146)
at org.testng.internal.TestMethodWorker.invokeTestMethods(TestMethodWorker.java:146)
at org.testng.internal.TestMethodWorker.run(TestMethodWorker.java:128)
at java.base/java.util.ArrayList.forEach(ArrayList.java:1511)
at org.testng.TestRunner.privateRun(TestRunner.java:794)
at org.testng.TestRunner.run(TestRunner.java:596)
at org.testng.SuiteRunner.runTest(SuiteRunner.java:377)
at org.testng.SuiteRunner.runSequentially(SuiteRunner.java:371)
at org.testng.SuiteRunner.privateRun(SuiteRunner.java:332)
at org.testng.SuiteRunner.run(SuiteRunner.java:276)
at org.testng.SuiteRunnerWorker.runSuite(SuiteRunnerWorker.java:53)
at org.testng.SuiteRunnerWorker.run(SuiteRunnerWorker.java:96)
at org.testng.TestNG.runSuitesSequentially(TestNG.java:1212)
at org.testng.TestNG.runSuitesLocally(TestNG.java:1134)
at org.testng.TestNG.runSuites(TestNG.java:1063)
at org.testng.TestNG.run(TestNG.java:1031)
at org.testng.remote.AbstractRemoteTestNG.run(AbstractRemoteTestNG.java:115)
at org.testng.remote.RemoteTestNG.initAndRun(RemoteTestNG.java:251)
at org.testng.remote.RemoteTestNG.main(RemoteTestNG.java:77)
]]>
            </full-stacktrace>
          </exception> <!-- java.lang.AssertionError -->
          <reporter-output>
          </reporter-output>
        </test-method> <!-- verifyAllProductFunctionality -->
        <test-method is-config="true" signature="tearDown()[pri:0, instance:com.SauceDemo.TestClass.TC04_VerifyAllProductFunctionality@1ed6388a]" started-at="2022-10-09T08:26:23 IST" name="tearDown" finished-at="2022-10-09T08:26:24 IST" duration-ms="726" status="PASS">
          <reporter-output>
          </reporter-output>
        </test-method> <!-- tearDown -->
      </class> <!-- com.SauceDemo.TestClass.TC04_VerifyAllProductFunctionality -->
      <class name="com.SauceDemo.TestClass.TC01_VerifyLoginFunctionality">
        <test-method is-config="true" signature="setUp(java.lang.String)[pri:0, instance:com.SauceDemo.TestClass.TC01_VerifyLoginFunctionality@2805d709]" started-at="2022-10-09T08:25:33 IST" name="setUp" finished-at="2022-10-09T08:25:50 IST" duration-ms="16252" status="PASS">
          <params>
            <param index="0">
              <value>
                <![CDATA[chrome]]>
              </value>
            </param>
          </params>
          <reporter-output>
          </reporter-output>
        </test-method> <!-- setUp -->
        <test-method signature="verifyLoginFunctionality()[pri:0, instance:com.SauceDemo.TestClass.TC01_VerifyLoginFunctionality@2805d709]" started-at="2022-10-09T08:25:50 IST" name="verifyLoginFunctionality" finished-at="2022-10-09T08:25:51 IST" duration-ms="1220" status="PASS">
          <reporter-output>
          </reporter-output>
        </test-method> <!-- verifyLoginFunctionality -->
        <test-method is-config="true" signature="tearDown()[pri:0, instance:com.SauceDemo.TestClass.TC01_VerifyLoginFunctionality@2805d709]" started-at="2022-10-09T08:25:51 IST" name="tearDown" finished-at="2022-10-09T08:25:52 IST" duration-ms="921" status="PASS">
          <reporter-output>
          </reporter-output>
        </test-method> <!-- tearDown -->
      </class> <!-- com.SauceDemo.TestClass.TC01_VerifyLoginFunctionality -->
      <class name="com.SauceDemo.TestClass.TC02_VerifyLogOutFunctionality">
        <test-method is-config="true" signature="setUp(java.lang.String)[pri:0, instance:com.SauceDemo.TestClass.TC02_VerifyLogOutFunctionality@3527942a]" started-at="2022-10-09T08:25:52 IST" name="setUp" finished-at="2022-10-09T08:26:00 IST" duration-ms="7792" status="PASS">
          <params>
            <param index="0">
              <value>
                <![CDATA[chrome]]>
              </value>
            </param>
          </params>
          <reporter-output>
          </reporter-output>
        </test-method> <!-- setUp -->
        <test-method signature="verifyLOgOutFunctionality()[pri:0, instance:com.SauceDemo.TestClass.TC02_VerifyLogOutFunctionality@3527942a]" started-at="2022-10-09T08:26:00 IST" name="verifyLOgOutFunctionality" finished-at="2022-10-09T08:26:01 IST" duration-ms="1785" status="PASS">
          <reporter-output>
          </reporter-output>
        </test-method> <!-- verifyLOgOutFunctionality -->
        <test-method is-config="true" signature="tearDown()[pri:0, instance:com.SauceDemo.TestClass.TC02_VerifyLogOutFunctionality@3527942a]" started-at="2022-10-09T08:26:01 IST" name="tearDown" finished-at="2022-10-09T08:26:02 IST" duration-ms="788" status="PASS">
          <reporter-output>
          </reporter-output>
        </test-method> <!-- tearDown -->
      </class> <!-- com.SauceDemo.TestClass.TC02_VerifyLogOutFunctionality -->
    </test> <!-- Test -->
  </suite> <!-- Suite -->
</testng-results>
